<?xml version="1.0" encoding="UTF-8"?>
<!-- Generated by org.testng.reporters.JUnitReportReporter -->
<testsuite hostname="DESKTOP-245N5OC" failures="0" tests="7" name="databaseTest.MedicinesDatabeseTest" time="48.793" errors="0" timestamp="2022-11-12T22:12:45 IST" skipped="0">
  <testcase classname="databaseTest.MedicinesDatabeseTest" name="MedicareDataBaseTest" time="46.771"/>
  <system-out/>
  <testcase classname="databaseTest.MedicinesDatabeseTest" name="test" time="0.067"/>
  <system-out/>
  <testcase classname="databaseTest.MedicinesDatabeseTest" name="test2" time="0.086"/>
  <system-out/>
  <testcase classname="databaseTest.MedicinesDatabeseTest" name="test3" time="0.058"/>
  <system-out/>
  <testcase classname="databaseTest.MedicinesDatabeseTest" name="test4" time="0.006"/>
  <system-out/>
  <testcase classname="databaseTest.MedicinesDatabeseTest" name="test5" time="0.025"/>
  <system-out/>
  <testcase classname="databaseTest.MedicinesDatabeseTest" name="test7" time="1.780"/>
  <system-out/>
</testsuite> <!-- databaseTest.MedicinesDatabeseTest -->
