<?xml version="1.0" encoding="UTF-8"?>
<!-- Generated by org.testng.reporters.JUnitReportReporter -->
<testsuite hostname="DESKTOP-245N5OC" failures="0" tests="7" name="databaseTest.MedicinesDatabeseTest" time="6.710" errors="0" timestamp="2022-11-11T16:45:22 IST" skipped="0">
  <testcase classname="databaseTest.MedicinesDatabeseTest" name="MedicareDataBaseTest" time="5.804"/>
  <system-out/>
  <testcase classname="databaseTest.MedicinesDatabeseTest" name="test" time="0.028"/>
  <system-out/>
  <testcase classname="databaseTest.MedicinesDatabeseTest" name="test2" time="0.031"/>
  <system-out/>
  <testcase classname="databaseTest.MedicinesDatabeseTest" name="test3" time="0.031"/>
  <system-out/>
  <testcase classname="databaseTest.MedicinesDatabeseTest" name="test4" time="0.007"/>
  <system-out/>
  <testcase classname="databaseTest.MedicinesDatabeseTest" name="test5" time="0.019"/>
  <system-out/>
  <testcase classname="databaseTest.MedicinesDatabeseTest" name="test7" time="0.790"/>
  <system-out/>
</testsuite> <!-- databaseTest.MedicinesDatabeseTest -->
