<?xml version="1.0" encoding="UTF-8"?>
<!-- Generated by org.testng.reporters.JUnitReportReporter -->
<testsuite hostname="DESKTOP-245N5OC" failures="0" tests="3" name="testCases.UserTest" time="27.933" errors="0" timestamp="2022-11-11T12:41:13 IST" skipped="0">
  <testcase classname="testCases.UserTest" name="UserTestCases" time="19.051"/>
  <system-out/>
  <testcase classname="testCases.UserTest" name="valCredTest" time="2.292"/>
  <system-out/>
  <testcase classname="testCases.UserTest" name="UserHomeTest" time="6.590"/>
  <system-out/>
</testsuite> <!-- testCases.UserTest -->
