<?xml version="1.0" encoding="UTF-8"?>
<!-- Generated by org.testng.reporters.JUnitReportReporter -->
<testsuite hostname="DESKTOP-245N5OC" failures="0" tests="3" name="testCases.UserTest" time="27.281" errors="0" timestamp="2022-11-12T22:19:34 IST" skipped="0">
  <testcase classname="testCases.UserTest" name="UserTestCases" time="18.326"/>
  <system-out/>
  <testcase classname="testCases.UserTest" name="valCredTest" time="2.281"/>
  <system-out/>
  <testcase classname="testCases.UserTest" name="UserHomeTest" time="6.674"/>
  <system-out/>
</testsuite> <!-- testCases.UserTest -->
