<?xml version="1.0" encoding="UTF-8"?>
<!-- Generated by org.testng.reporters.JUnitReportReporter -->
<testsuite hostname="DESKTOP-245N5OC" failures="0" tests="2" name="testCases.AdminTest" time="27.598" errors="0" timestamp="2022-11-11T12:41:13 IST" skipped="0">
  <testcase classname="testCases.AdminTest" name="AdminCredLoginTest" time="23.278"/>
  <system-out/>
  <testcase classname="testCases.AdminTest" name="AdminProdManag" time="4.320"/>
  <system-out/>
</testsuite> <!-- testCases.AdminTest -->
