<?xml version="1.0" encoding="UTF-8"?>
<!-- Generated by org.testng.reporters.JUnitReportReporter -->
<testsuite hostname="DESKTOP-245N5OC" failures="0" tests="2" name="testCases.AdminTest" time="26.882" errors="0" timestamp="2022-11-12T22:19:34 IST" skipped="0">
  <testcase classname="testCases.AdminTest" name="AdminCredLoginTest" time="20.936"/>
  <system-out/>
  <testcase classname="testCases.AdminTest" name="AdminProdManag" time="5.946"/>
  <system-out/>
</testsuite> <!-- testCases.AdminTest -->
