<?xml version="1.0" encoding="UTF-8"?>
<!-- Generated by org.testng.reporters.JUnitReportReporter -->
<testsuite hostname="DESKTOP-245N5OC" failures="0" tests="1" name="testCases.SignUpTest" time="23.906" errors="0" timestamp="2022-11-11T12:41:13 IST" skipped="0">
  <testcase classname="testCases.SignUpTest" name="sign_up_testcases" time="23.906"/>
  <system-out/>
</testsuite> <!-- testCases.SignUpTest -->
